Traceback (most recent call last):
  File "C:\PROJECTS\LESSONS AND SLIDESHOWS 2\skills\designing-slides\scripts\authenticate_google.py", line 49, in _get_credentials
    print("\u2713 Using Application Default Credentials (ADC) [refreshed]")
    ~~~~~^^^^^^^^^^^^^^^^^^^^^^^^^^^^^^^^^^^^^^^^^^^^^^^^^^^^^^^^^^^^^
  File "C:\Users\elwru\AppData\Local\Programs\Python\Python313\Lib\encodings\cp1252.py", line 19, in encode
    return codecs.charmap_encode(input,self.errors,encoding_table)[0]
           ~~~~~~~~~~~~~~~~~~~~~^^^^^^^^^^^^^^^^^^^^^^^^^^^^^^^^^^
UnicodeEncodeError: 'charmap' codec can't encode character '\u2713' in position 0: character maps to <undefined>

During handling of the above exception, another exception occurred:

Traceback (most recent call last):
  File "C:\PROJECTS\LESSONS AND SLIDESHOWS 2\inputs\12 Jan 26 Writing feedback\create_grammar_repair_slides.py", line 241, in <module>
    main()
    ~~~~^^
  File "C:\PROJECTS\LESSONS AND SLIDESHOWS 2\inputs\12 Jan 26 Writing feedback\create_grammar_repair_slides.py", line 106, in main
    slides_service = authenticate_slides()
  File "C:\PROJECTS\LESSONS AND SLIDESHOWS 2\skills\designing-slides\scripts\authenticate_google.py", line 94, in authenticate_slides
    creds = _get_credentials(SLIDES_SCOPES)
  File "C:\PROJECTS\LESSONS AND SLIDESHOWS 2\skills\designing-slides\scripts\authenticate_google.py", line 52, in _get_credentials
    print(f"\u26a0 ADC Scope/Refresh Issue: {e}")
    ~~~~~^^^^^^^^^^^^^^^^^^^^^^^^^^^^^^^^^^^
  File "C:\Users\elwru\AppData\Local\Programs\Python\Python313\Lib\encodings\cp1252.py", line 19, in encode
    return codecs.charmap_encode(input,self.errors,encoding_table)[0]
           ~~~~~~~~~~~~~~~~~~~~~^^^^^^^^^^^^^^^^^^^^^^^^^^^^^^^^^^
UnicodeEncodeError: 'charmap' codec can't encode character '\u26a0' in position 0: character maps to <undefined>
